<?xml version="1.0" encoding="UTF-8"?>
<testsuite xmlns:xsi="http://www.w3.org/2001/XMLSchema-instance" xsi:noNamespaceSchemaLocation="https://maven.apache.org/surefire/maven-surefire-plugin/xsd/surefire-test-report-3.0.xsd" version="3.0" name="br.com.example.gerenciamento.GerenciamentoApplicationTests" time="3.607" tests="1" errors="0" skipped="0" failures="0">
  <properties>
[...]
</properties>
  <testcase name="contextLoads" classname="br.com.example.gerenciamento.GerenciamentoApplicationTests" time="0.583">
    <system-out><![CDATA[13:54:35.230 [main] INFO org.springframework.test.context.support.AnnotationConfigContextLoaderUtils -- Could not detect default configuration classes for test class [br.com.example.gerenciamento.GerenciamentoApplicationTests]: GerenciamentoApplicationTests does not declare any static, non-private, non-final, nested classes annotated with @Configuration.
13:54:35.325 [main] INFO org.springframework.boot.test.context.SpringBootTestContextBootstrapper -- Found @SpringBootConfiguration br.com.example.gerenciamento.GerenciamentoApplication for test class br.com.example.gerenciamento.GerenciamentoApplicationTests

  .   ____          _            __ _ _
 /\\ / ___'_ __ _ _(_)_ __  __ _ \ \ \ \
( ( )\___ | '_ | '_| | '_ \/ _` | \ \ \ \
 \\/  ___)| |_)| | | | | || (_| |  ) ) ) )
  '  |____| .__|_| |_|_| |_\__, | / / / /
 =========|_|==============|___/=/_/_/_/
 :: Spring Boot ::                (v3.1.0)

2023-05-29T13:54:35.656-03:00  INFO 9997 --- [           main] b.c.e.g.GerenciamentoApplicationTests    : Starting GerenciamentoApplicationTests using Java 17.0.4 with PID 9997 (started by luis2535 in /home/luis2535/UDESC/BAN2/GerenciamentoQuadras-master/gerenciamento)
2023-05-29T13:54:35.657-03:00  INFO 9997 --- [           main] b.c.e.g.GerenciamentoApplicationTests    : No active profile set, falling back to 1 default profile: "default"
2023-05-29T13:54:36.008-03:00  INFO 9997 --- [           main] .s.d.r.c.RepositoryConfigurationDelegate : Multiple Spring Data modules found, entering strict repository configuration mode
2023-05-29T13:54:36.009-03:00  INFO 9997 --- [           main] .s.d.r.c.RepositoryConfigurationDelegate : Bootstrapping Spring Data JPA repositories in DEFAULT mode.
2023-05-29T13:54:36.023-03:00  INFO 9997 --- [           main] .s.d.r.c.RepositoryConfigurationDelegate : Finished Spring Data repository scanning in 7 ms. Found 0 JPA repository interfaces.
2023-05-29T13:54:36.179-03:00  INFO 9997 --- [           main] .s.d.r.c.RepositoryConfigurationDelegate : Multiple Spring Data modules found, entering strict repository configuration mode
2023-05-29T13:54:36.180-03:00  INFO 9997 --- [           main] .s.d.r.c.RepositoryConfigurationDelegate : Bootstrapping Spring Data JDBC repositories in DEFAULT mode.
2023-05-29T13:54:36.189-03:00  INFO 9997 --- [           main] .s.d.r.c.RepositoryConfigurationDelegate : Finished Spring Data repository scanning in 9 ms. Found 0 JDBC repository interfaces.
2023-05-29T13:54:36.473-03:00  INFO 9997 --- [           main] com.zaxxer.hikari.HikariDataSource       : HikariPool-1 - Starting...
2023-05-29T13:54:36.647-03:00  INFO 9997 --- [           main] com.zaxxer.hikari.pool.HikariPool        : HikariPool-1 - Added connection conn0: url=jdbc:h2:mem:GerenciamentoQuadras user=POSTGRES
2023-05-29T13:54:36.648-03:00  INFO 9997 --- [           main] com.zaxxer.hikari.HikariDataSource       : HikariPool-1 - Start completed.
2023-05-29T13:54:36.684-03:00  INFO 9997 --- [           main] o.hibernate.jpa.internal.util.LogHelper  : HHH000204: Processing PersistenceUnitInfo [name: default]
2023-05-29T13:54:36.733-03:00  INFO 9997 --- [           main] org.hibernate.Version                    : HHH000412: Hibernate ORM core version 6.2.2.Final
2023-05-29T13:54:36.736-03:00  INFO 9997 --- [           main] org.hibernate.cfg.Environment            : HHH000406: Using bytecode reflection optimizer
2023-05-29T13:54:36.846-03:00  INFO 9997 --- [           main] o.h.b.i.BytecodeProviderInitiator        : HHH000021: Bytecode provider name : bytebuddy
2023-05-29T13:54:36.963-03:00  INFO 9997 --- [           main] o.s.o.j.p.SpringPersistenceUnitInfo      : No LoadTimeWeaver setup: ignoring JPA class transformer
2023-05-29T13:54:37.007-03:00  INFO 9997 --- [           main] org.hibernate.orm.dialect                : HHH035001: Using dialect: org.hibernate.dialect.H2Dialect, version: 2.1.214
2023-05-29T13:54:37.081-03:00  INFO 9997 --- [           main] o.h.b.i.BytecodeProviderInitiator        : HHH000021: Bytecode provider name : bytebuddy
2023-05-29T13:54:37.253-03:00  INFO 9997 --- [           main] o.h.e.t.j.p.i.JtaPlatformInitiator       : HHH000490: Using JtaPlatform implementation: [org.hibernate.engine.transaction.jta.platform.internal.NoJtaPlatform]
2023-05-29T13:54:37.258-03:00  INFO 9997 --- [           main] j.LocalContainerEntityManagerFactoryBean : Initialized JPA EntityManagerFactory for persistence unit 'default'
2023-05-29T13:54:37.726-03:00  WARN 9997 --- [           main] JpaBaseConfiguration$JpaWebConfiguration : spring.jpa.open-in-view is enabled by default. Therefore, database queries may be performed during view rendering. Explicitly configure spring.jpa.open-in-view to disable this warning
2023-05-29T13:54:38.092-03:00  INFO 9997 --- [           main] b.c.e.g.GerenciamentoApplicationTests    : Started GerenciamentoApplicationTests in 2.649 seconds (process running for 3.51)
]]></system-out>
  </testcase>
</testsuite>